build/app/outputs/mapping/release/mapping.txt
# compiler: R8
# compiler_version: 2.1.62
# min_api: 21
# pg_map_id: ae1c7b3
# common_typos_disable
...
com.google.android.gms.internal.location.zzb -> b.c.a.a.d.c.s:
    boolean dispatchTransaction(int,android.os.Parcel,android.os.Parcel,int) -> o
com.google.android.gms.internal.location.zzbc -> b.c.a.a.d.c.t:
    com.google.android.gms.common.api.internal.BaseImplementation$ResultHolder zzdf -> a
    void zza(com.google.android.gms.location.LocationSettingsResult) -> Z1
com.google.android.gms.internal.location.zzbd -> b.c.a.a.d.c.u:
    java.util.List zzm -> b
    java.lang.String moduleId -> g
    com.google.android.gms.location.LocationRequest zzdg -> a
    boolean zzdi -> e
    boolean zzdj -> f
    java.util.List zzcd -> h
    java.lang.String tag -> c
    boolean zzdh -> d
    com.google.android.gms.internal.location.zzbd zza(com.google.android.gms.location.LocationRequest) -> b
com.google.android.gms.internal.location.zzbe -> b.c.a.a.d.c.v:
com.google.android.gms.internal.location.zzbf -> b.c.a.a.d.c.w:
    com.google.android.gms.internal.location.zzbd zzdl -> b
    com.google.android.gms.location.zzx zzdm -> c
    com.google.android.gms.internal.location.zzaj zzcj -> f
    com.google.android.gms.location.zzu zzdn -> e
    int zzcg -> a
    android.app.PendingIntent zzbv -> d
    com.google.android.gms.internal.location.zzbf zza(com.google.android.gms.location.zzu,com.google.android.gms.internal.location.zzaj) -> b
    com.google.android.gms.internal.location.zzbf zza(com.google.android.gms.location.zzx,com.google.android.gms.internal.location.zzaj) -> c
com.google.android.gms.internal.location.zzbg -> b.c.a.a.d.c.x:
com.google.android.gms.internal.location.zzbj -> b.c.a.a.d.c.y:
    void checkConnected() -> a
    android.os.IInterface getService() -> b
com.google.android.gms.internal.location.zzbk -> b.c.a.a.d.c.z:
    com.google.android.gms.common.api.PendingResult checkLocationSettings(com.google.android.gms.common.api.GoogleApiClient,com.google.android.gms.location.LocationSettingsRequest) -> a
com.google.android.gms.internal.location.zzbl -> b.c.a.a.d.c.a0:
    com.google.android.gms.location.LocationSettingsRequest zzdp -> o
    java.lang.String zzdq -> p
    com.google.android.gms.common.api.Result createFailedResult(com.google.android.gms.common.api.Status) -> d
    void doExecute(com.google.android.gms.common.api.Api$AnyClient) -> m
com.google.android.gms.internal.location.zzbm -> b.c.a.a.d.c.b0:
    android.os.Looper zza(android.os.Looper) -> a
    android.os.Looper zzc() -> b
com.google.android.gms.internal.location.zzc -> b.c.a.a.d.c.c0:
    android.os.Parcelable zza(android.os.Parcel,android.os.Parcelable$Creator) -> a
    void zza(android.os.Parcel,android.os.IInterface) -> b
    void zza(android.os.Parcel,android.os.Parcelable) -> c
    void zza(android.os.Parcel,boolean) -> d
com.google.android.gms.internal.location.zzk -> b.c.a.a.d.c.d0:
    java.lang.String zzca -> x
    com.google.android.gms.internal.location.zzbj zzcb -> y
    void zza(com.google.android.gms.internal.location.zzk) -> i0
    java.lang.String getStartServiceAction() -> k
    java.lang.String getServiceDescriptor() -> n
    int getMinApkVersion() -> p
    android.os.IInterface createServiceInterface(android.os.IBinder) -> q
    android.os.Bundle getGetServiceRequestExtraArgs() -> x
com.google.android.gms.internal.location.zzl -> b.c.a.a.d.c.e0:
    com.google.android.gms.internal.location.zzk zzcc -> a
    void checkConnected() -> a
    android.os.IInterface getService() -> b
com.google.android.gms.internal.location.zzm -> b.c.a.a.d.c.f0:
    java.util.List zzm -> b
    java.util.List zzcd -> d
    com.google.android.gms.location.zzj zzce -> e
    com.google.android.gms.location.zzj zzcf -> a
    java.lang.String tag -> c
com.google.android.gms.internal.location.zzn -> b.c.a.a.d.c.g0:
com.google.android.gms.internal.location.zzo -> b.c.a.a.d.c.h0:
    com.google.android.gms.internal.location.zzm zzch -> b
    com.google.android.gms.internal.location.zzaj zzcj -> d
    com.google.android.gms.location.zzr zzci -> c
    int zzcg -> a