build/app/outputs/mapping/release/usage.txt
com.nohung.rider.app.R$layout
com.nohung.rider.app.BuildConfig
com.nohung.rider.app.R$drawable
com.nohung.rider.app.R$color
com.nohung.rider.app.R
com.nohung.rider.app.R$styleable
com.nohung.rider.app.R$attr
com.nohung.rider.app.R$mipmap
com.nohung.rider.app.R$xml
com.nohung.rider.app.R$id
com.nohung.rider.app.R$string
com.nohung.rider.app.R$integer
com.nohung.rider.app.R$style
com.nohung.rider.app.R$dimen
...
androidx.annotation.RequiresFeature
com.google.android.gms.base.R$string:
    private void <init>()
    public static final int common_signin_button_text
    public static final int common_signin_button_text_long
androidx.core.os.ParcelCompat
androidx.core.view.ViewPropertyAnimatorUpdateListener
com.google.android.gms.common.server.response.zac
kotlin.jvm.internal.MutablePropertyReference2
androidx.customview.widget.ViewDragHelper$Callback
androidx.core.text.SpannableStringBuilderKt
androidx.core.R$id:
    private void <init>()
    public static final int accessibility_action_clickable_span
    public static final int action_container
    public static final int action_divider
    public static final int action_image
    public static final int action_text
    public static final int actions
    public static final int async
    public static final int blocking
    public static final int chronometer
    public static final int dialog_button
    public static final int forever
    public static final int icon
    public static final int icon_group
    public static final int info
    public static final int italic
    public static final int line1
    public static final int line3
    public static final int normal
    public static final int notification_background
    public static final int notification_main_column
    public static final int notification_main_column_container
    public static final int right_icon
    public static final int right_side
    public static final int tag_accessibility_actions
    public static final int tag_accessibility_clickable_spans
    public static final int tag_accessibility_heading
    public static final int tag_screen_reader_focusable
    public static final int text
    public static final int text2
    public static final int time
    public static final int title
com.google.android.gms.common.internal.SignInButtonCreator
com.google.android.gms.internal.location.zzan
androidx.viewpager.widget.PagerTabStrip$1
androidx.core.content.PermissionChecker$PermissionResult
com.google.android.gms.maps.StreetViewPanoramaFragment$zzb
androidx.customview.R$drawable
androidx.core.util.Supplier
androidx.core.view.WindowCompat
androidx.core.util.SizeKt
com.google.android.gms.tasks.Tasks$zzc
kotlin.jvm.internal.Reflection
com.google.android.gms.common.zzo
androidx.fragment.R
kotlin.collections.ArraysKt___ArraysJvmKt$asList$2
kotlin.collections.ArraysKt__ArraysKt
androidx.core.view.MenuKt
io.flutter.embedding.engine.systemchannels.LifecycleChannel:
    private static final java.lang.String TAG
com.google.android.gms.common.util.concurrent.NumberedThreadFactory
org.jetbrains.annotations.NonNls
kotlin.text.FlagEnum
androidx.core.content.SharedPreferencesCompat$EditorCompat$Helper
com.baseflow.permissionhandler.R$layout
androidx.core.view.DragStartHelper$1
kotlin.coroutines.SafeContinuation
com.google.android.gms.common.api.internal.zacj
kotlin.io.FileSystemException
kotlin.jvm.internal.ByteCompanionObject
com.google.android.gms.common.internal.service.zaf
kotlin.random.PlatformRandomKt
com.google.android.gms.tasks.TaskExecutors:
    private void <init>()
com.google.android.gms.location.zza
com.google.android.gms.common.SignInButton$ColorScheme
kotlin.text.TypeAliasesKt
androidx.core.database.sqlite.SQLiteDatabaseKt
com.google.android.gms.common.internal.Preconditions:
    public static int checkNotZero(int,java.lang.Object)
    public static int checkNotZero(int)
    public static long checkNotZero(long,java.lang.Object)
    public static long checkNotZero(long)
    public static varargs void checkState(boolean,java.lang.String,java.lang.Object[])
    private void <init>()
    public static void checkNotMainThread()